
Attaching package: ‘shinydashboard’

The following object is masked from ‘package:graphics’:

    box


Attaching package: ‘dplyr’

The following objects are masked from ‘package:stats’:

    filter, lag

The following objects are masked from ‘package:base’:

    intersect, setdiff, setequal, union


Attaching package: ‘plotly’

The following object is masked from ‘package:ggplot2’:

    last_plot

The following object is masked from ‘package:stats’:

    filter

The following object is masked from ‘package:graphics’:

    layout

Loading required package: ParamHelpers
Loading required package: splines
Loading required package: gamlss.data

Attaching package: ‘gamlss.data’

The following object is masked from ‘package:mlr’:

    db

Loading required package: gamlss.dist
Loading required package: MASS

Attaching package: ‘MASS’

The following object is masked from ‘package:plotly’:

    select

The following object is masked from ‘package:dplyr’:

    select

Loading required package: nlme

Attaching package: ‘nlme’

The following object is masked from ‘package:dplyr’:

    collapse

Loading required package: parallel
 **********   GAMLSS Version 5.0-2  ********** 
For more on GAMLSS look at http://www.gamlss.org/
Type gamlssNews() to see new features/changes/bug fixes.

Error in readRDS("./DemoData/Sampling.rds", encoding = "UTF-8") : 
  unused argument (encoding = "UTF-8")
Calls: runApp ... <Anonymous> -> sourceUTF8 -> eval -> eval -> ..stacktraceon..
Execution halted
